<?xml version="1.0" encoding="UTF-8"?>
<!-- Generated by org.testng.reporters.JUnitReportReporter -->
<testsuite hostname="DESKTOP-SG2EQTL" failures="0" tests="7" name="com.Automation.Test.Automation1.Test1" time="32.052" errors="0" timestamp="04 Feb 2021 12:10:13 GMT" skipped="0">
  <testcase classname="com.Automation.Test.Automation1.Test1" name="Test7" time="4.238"/>
  <testcase classname="com.Automation.Test.Automation1.Test1" name="Test3" time="4.945"/>
  <testcase classname="com.Automation.Test.Automation1.Test1" name="Test5" time="4.413"/>
  <testcase classname="com.Automation.Test.Automation1.Test1" name="WriteToGoogleSearch" time="4.949"/>
  <testcase classname="com.Automation.Test.Automation1.Test1" name="Test4" time="5.046"/>
  <testcase classname="com.Automation.Test.Automation1.Test1" name="Test2" time="4.469"/>
  <testcase classname="com.Automation.Test.Automation1.Test1" name="Test6" time="3.992"/>
</testsuite> <!-- com.Automation.Test.Automation1.Test1 -->
