<?xml version="1.0" encoding="UTF-8"?>
<!-- Generated by org.testng.reporters.JUnitReportReporter -->
<testsuite hostname="DESKTOP-SG2EQTL" failures="0" tests="7" name="com.Automation.Test.Automation1.Test1" time="30.162" errors="0" timestamp="05 Feb 2021 15:30:06 GMT" skipped="0">
  <testcase classname="com.Automation.Test.Automation1.Test1" name="Test5" time="4.296"/>
  <testcase classname="com.Automation.Test.Automation1.Test1" name="Test2" time="5.029"/>
  <testcase classname="com.Automation.Test.Automation1.Test1" name="Test3" time="4.014"/>
  <testcase classname="com.Automation.Test.Automation1.Test1" name="Test7" time="3.963"/>
  <testcase classname="com.Automation.Test.Automation1.Test1" name="WriteToGoogleSearch" time="4.952"/>
  <testcase classname="com.Automation.Test.Automation1.Test1" name="Test4" time="3.935"/>
  <testcase classname="com.Automation.Test.Automation1.Test1" name="Test6" time="3.973"/>
</testsuite> <!-- com.Automation.Test.Automation1.Test1 -->
