<?xml version="1.0" encoding="UTF-8"?>
<!-- Generated by org.testng.reporters.JUnitReportReporter -->
<testsuite hostname="DESKTOP-SG2EQTL" failures="0" tests="3" name="com.Automation.Test.Automation1.TestClass1" time="25.405" errors="0" timestamp="04 Feb 2021 12:10:12 GMT" skipped="0">
  <testcase classname="com.Automation.Test.Automation1.TestClass1" name="Test3" time="6.545"/>
  <testcase classname="com.Automation.Test.Automation1.TestClass1" name="Test1" time="11.902"/>
  <testcase classname="com.Automation.Test.Automation1.TestClass1" name="Test2" time="6.958"/>
</testsuite> <!-- com.Automation.Test.Automation1.TestClass1 -->
