<?xml version="1.0" encoding="UTF-8"?>
<!-- Generated by org.testng.reporters.JUnitReportReporter -->
<testsuite hostname="DESKTOP-SG2EQTL" failures="0" tests="1" name="com.Automation.Test.Automation1.Test2" time="4.866" errors="0" timestamp="05 Feb 2021 15:33:15 GMT" skipped="0">
  <testcase classname="com.Automation.Test.Automation1.Test2" name="getUrl" time="4.866"/>
</testsuite> <!-- com.Automation.Test.Automation1.Test2 -->
