<?xml version="1.0" encoding="UTF-8"?>
<!-- Generated by org.testng.reporters.JUnitReportReporter -->
<testsuite hostname="DESKTOP-SG2EQTL" failures="0" tests="3" name="com.Automation.Test.Automation1.TestClass1" time="64.464" errors="0" timestamp="04 Feb 2021 12:07:28 GMT" skipped="0">
  <testcase classname="com.Automation.Test.Automation1.TestClass1" name="Test3" time="19.514"/>
  <testcase classname="com.Automation.Test.Automation1.TestClass1" name="Test1" time="19.102"/>
  <testcase classname="com.Automation.Test.Automation1.TestClass1" name="Test2" time="25.848"/>
</testsuite> <!-- com.Automation.Test.Automation1.TestClass1 -->
