<?xml version="1.0" encoding="UTF-8"?>
<!-- Generated by org.testng.reporters.JUnitReportReporter -->
<testsuite hostname="DESKTOP-SG2EQTL" failures="0" tests="3" name="com.Automation.Test.Automation1.TestClass1" time="44.253" errors="0" timestamp="03 Feb 2021 14:36:26 GMT" skipped="0">
  <testcase classname="com.Automation.Test.Automation1.TestClass1" name="Test1" time="14.294"/>
  <testcase classname="com.Automation.Test.Automation1.TestClass1" name="Test3" time="16.676"/>
  <testcase classname="com.Automation.Test.Automation1.TestClass1" name="Test2" time="13.283"/>
</testsuite> <!-- com.Automation.Test.Automation1.TestClass1 -->
